2020-12-04 03:50:10,415 INFO org.springframework.boot.StartupInfoLogger [main] Starting AuthServerApplicationTests on MSI with PID 12140 (started by DCH in G:\工作training\teamProject\auth-server-Team\auth-server)
2020-12-04 03:50:10,422 INFO org.springframework.boot.SpringApplication [main] No active profile set, falling back to default profiles: default
2020-12-04 03:50:12,431 INFO org.springframework.data.repository.config.RepositoryConfigurationDelegate [main] Bootstrapping Spring Data JPA repositories in DEFERRED mode.
2020-12-04 03:50:12,474 INFO org.springframework.data.repository.config.RepositoryConfigurationDelegate [main] Finished Spring Data repository scanning in 28ms. Found 0 JPA repository interfaces.
2020-12-04 03:50:12,864 INFO org.springframework.context.support.PostProcessorRegistrationDelegate$BeanPostProcessorChecker [main] Bean 'org.springframework.transaction.annotation.ProxyTransactionManagementConfiguration' of type [org.springframework.transaction.annotation.ProxyTransactionManagementConfiguration] is not eligible for getting processed by all BeanPostProcessors (for example: not eligible for auto-proxying)
2020-12-04 03:50:13,290 INFO org.hibernate.Version [main] HHH000412: Hibernate Core {5.3.14.Final}
2020-12-04 03:50:13,293 INFO org.hibernate.cfg.Environment [main] HHH000206: hibernate.properties not found
2020-12-04 03:50:13,548 INFO org.hibernate.annotations.common.reflection.java.JavaReflectionManager [main] HCANN000001: Hibernate Commons Annotations {5.0.4.Final}
2020-12-04 03:50:15,555 INFO org.hibernate.dialect.Dialect [main] HHH000400: Using dialect: org.hibernate.dialect.MySQLDialect
2020-12-04 03:50:16,987 WARN org.springframework.boot.autoconfigure.orm.jpa.JpaBaseConfiguration$JpaWebConfiguration [main] spring.jpa.open-in-view is enabled by default. Therefore, database queries may be performed during view rendering. Explicitly configure spring.jpa.open-in-view to disable this warning
2020-12-04 03:50:17,519 INFO org.springframework.scheduling.concurrent.ExecutorConfigurationSupport [main] Initializing ExecutorService 'applicationTaskExecutor'
2020-12-04 03:50:18,538 INFO org.springframework.data.repository.config.DeferredRepositoryInitializationListener [main] Triggering deferred initialization of Spring Data repositories…
2020-12-04 03:50:18,541 INFO org.springframework.data.repository.config.DeferredRepositoryInitializationListener [main] Spring Data repositories initialized!
2020-12-04 03:50:18,557 INFO org.springframework.boot.StartupInfoLogger [main] Started AuthServerApplicationTests in 9.398 seconds (JVM running for 11.589)
2020-12-04 03:50:18,762 INFO org.springframework.scheduling.concurrent.ExecutorConfigurationSupport [SpringContextShutdownHook] Shutting down ExecutorService 'applicationTaskExecutor'
2020-12-04 03:52:01,330 INFO org.springframework.boot.StartupInfoLogger [main] Starting AuthServerApplicationTests on MSI with PID 9956 (started by DCH in G:\工作training\teamProject\auth-server-Team\auth-server)
2020-12-04 03:52:01,337 INFO org.springframework.boot.SpringApplication [main] No active profile set, falling back to default profiles: default
2020-12-04 03:52:03,002 INFO org.springframework.data.repository.config.RepositoryConfigurationDelegate [main] Bootstrapping Spring Data JPA repositories in DEFERRED mode.
2020-12-04 03:52:03,059 INFO org.springframework.data.repository.config.RepositoryConfigurationDelegate [main] Finished Spring Data repository scanning in 36ms. Found 0 JPA repository interfaces.
2020-12-04 03:52:03,534 INFO org.springframework.context.support.PostProcessorRegistrationDelegate$BeanPostProcessorChecker [main] Bean 'org.springframework.transaction.annotation.ProxyTransactionManagementConfiguration' of type [org.springframework.transaction.annotation.ProxyTransactionManagementConfiguration] is not eligible for getting processed by all BeanPostProcessors (for example: not eligible for auto-proxying)
2020-12-04 03:52:03,970 INFO org.hibernate.Version [main] HHH000412: Hibernate Core {5.3.14.Final}
2020-12-04 03:52:03,974 INFO org.hibernate.cfg.Environment [main] HHH000206: hibernate.properties not found
2020-12-04 03:52:04,180 INFO org.hibernate.annotations.common.reflection.java.JavaReflectionManager [main] HCANN000001: Hibernate Commons Annotations {5.0.4.Final}
2020-12-04 03:52:07,195 INFO org.hibernate.dialect.Dialect [main] HHH000400: Using dialect: org.hibernate.dialect.MySQLDialect
2020-12-04 03:52:09,005 WARN org.springframework.boot.autoconfigure.orm.jpa.JpaBaseConfiguration$JpaWebConfiguration [main] spring.jpa.open-in-view is enabled by default. Therefore, database queries may be performed during view rendering. Explicitly configure spring.jpa.open-in-view to disable this warning
2020-12-04 03:52:09,785 INFO org.springframework.scheduling.concurrent.ExecutorConfigurationSupport [main] Initializing ExecutorService 'applicationTaskExecutor'
2020-12-04 03:52:10,894 INFO org.springframework.data.repository.config.DeferredRepositoryInitializationListener [main] Triggering deferred initialization of Spring Data repositories…
2020-12-04 03:52:10,929 INFO org.springframework.data.repository.config.DeferredRepositoryInitializationListener [main] Spring Data repositories initialized!
2020-12-04 03:52:10,944 INFO org.springframework.boot.StartupInfoLogger [main] Started AuthServerApplicationTests in 10.205 seconds (JVM running for 11.807)
2020-12-04 03:52:11,314 INFO org.springframework.scheduling.concurrent.ExecutorConfigurationSupport [SpringContextShutdownHook] Shutting down ExecutorService 'applicationTaskExecutor'
2020-12-04 03:59:25,685 INFO org.springframework.boot.StartupInfoLogger [main] Starting AuthServerApplicationTests on MSI with PID 2648 (started by DCH in G:\工作training\teamProject\auth-server-Team\auth-server)
2020-12-04 03:59:25,688 INFO org.springframework.boot.SpringApplication [main] No active profile set, falling back to default profiles: default
2020-12-04 03:59:26,828 INFO org.springframework.data.repository.config.RepositoryConfigurationDelegate [main] Bootstrapping Spring Data JPA repositories in DEFERRED mode.
2020-12-04 03:59:26,871 INFO org.springframework.data.repository.config.RepositoryConfigurationDelegate [main] Finished Spring Data repository scanning in 28ms. Found 0 JPA repository interfaces.
2020-12-04 03:59:27,316 INFO org.springframework.context.support.PostProcessorRegistrationDelegate$BeanPostProcessorChecker [main] Bean 'org.springframework.transaction.annotation.ProxyTransactionManagementConfiguration' of type [org.springframework.transaction.annotation.ProxyTransactionManagementConfiguration] is not eligible for getting processed by all BeanPostProcessors (for example: not eligible for auto-proxying)
2020-12-04 03:59:27,674 INFO org.hibernate.Version [main] HHH000412: Hibernate Core {5.3.14.Final}
2020-12-04 03:59:27,677 INFO org.hibernate.cfg.Environment [main] HHH000206: hibernate.properties not found
2020-12-04 03:59:27,857 INFO org.hibernate.annotations.common.reflection.java.JavaReflectionManager [main] HCANN000001: Hibernate Commons Annotations {5.0.4.Final}
2020-12-04 03:59:29,719 INFO org.hibernate.dialect.Dialect [main] HHH000400: Using dialect: org.hibernate.dialect.MySQLDialect
2020-12-04 03:59:31,117 WARN org.springframework.boot.autoconfigure.orm.jpa.JpaBaseConfiguration$JpaWebConfiguration [main] spring.jpa.open-in-view is enabled by default. Therefore, database queries may be performed during view rendering. Explicitly configure spring.jpa.open-in-view to disable this warning
2020-12-04 03:59:31,435 INFO org.springframework.scheduling.concurrent.ExecutorConfigurationSupport [main] Initializing ExecutorService 'applicationTaskExecutor'
2020-12-04 03:59:31,995 INFO org.springframework.data.repository.config.DeferredRepositoryInitializationListener [main] Triggering deferred initialization of Spring Data repositories…
2020-12-04 03:59:31,996 INFO org.springframework.data.repository.config.DeferredRepositoryInitializationListener [main] Spring Data repositories initialized!
2020-12-04 03:59:32,006 INFO org.springframework.boot.StartupInfoLogger [main] Started AuthServerApplicationTests in 7.057 seconds (JVM running for 9.089)
2020-12-04 03:59:32,145 INFO org.springframework.scheduling.concurrent.ExecutorConfigurationSupport [SpringContextShutdownHook] Shutting down ExecutorService 'applicationTaskExecutor'
2020-12-04 04:00:20,982 INFO org.springframework.boot.StartupInfoLogger [main] Starting AuthServerApplicationTests on MSI with PID 15292 (started by DCH in G:\工作training\teamProject\auth-server-Team\auth-server)
2020-12-04 04:00:20,998 INFO org.springframework.boot.SpringApplication [main] No active profile set, falling back to default profiles: default
2020-12-04 04:00:22,060 INFO org.springframework.data.repository.config.RepositoryConfigurationDelegate [main] Bootstrapping Spring Data JPA repositories in DEFERRED mode.
2020-12-04 04:00:22,102 INFO org.springframework.data.repository.config.RepositoryConfigurationDelegate [main] Finished Spring Data repository scanning in 26ms. Found 0 JPA repository interfaces.
2020-12-04 04:00:22,684 INFO org.springframework.context.support.PostProcessorRegistrationDelegate$BeanPostProcessorChecker [main] Bean 'org.springframework.transaction.annotation.ProxyTransactionManagementConfiguration' of type [org.springframework.transaction.annotation.ProxyTransactionManagementConfiguration] is not eligible for getting processed by all BeanPostProcessors (for example: not eligible for auto-proxying)
2020-12-04 04:00:23,275 INFO org.hibernate.Version [main] HHH000412: Hibernate Core {5.3.14.Final}
2020-12-04 04:00:23,280 INFO org.hibernate.cfg.Environment [main] HHH000206: hibernate.properties not found
2020-12-04 04:00:23,641 INFO org.hibernate.annotations.common.reflection.java.JavaReflectionManager [main] HCANN000001: Hibernate Commons Annotations {5.0.4.Final}
2020-12-04 04:00:25,935 INFO org.hibernate.dialect.Dialect [main] HHH000400: Using dialect: org.hibernate.dialect.MySQLDialect
2020-12-04 04:00:27,598 WARN org.springframework.boot.autoconfigure.orm.jpa.JpaBaseConfiguration$JpaWebConfiguration [main] spring.jpa.open-in-view is enabled by default. Therefore, database queries may be performed during view rendering. Explicitly configure spring.jpa.open-in-view to disable this warning
2020-12-04 04:00:28,133 INFO org.springframework.scheduling.concurrent.ExecutorConfigurationSupport [main] Initializing ExecutorService 'applicationTaskExecutor'
2020-12-04 04:00:28,983 INFO org.springframework.data.repository.config.DeferredRepositoryInitializationListener [main] Triggering deferred initialization of Spring Data repositories…
2020-12-04 04:00:28,985 INFO org.springframework.data.repository.config.DeferredRepositoryInitializationListener [main] Spring Data repositories initialized!
2020-12-04 04:00:29,001 INFO org.springframework.boot.StartupInfoLogger [main] Started AuthServerApplicationTests in 8.893 seconds (JVM running for 12.198)
2020-12-04 04:00:44,870 INFO org.springframework.scheduling.concurrent.ExecutorConfigurationSupport [SpringContextShutdownHook] Shutting down ExecutorService 'applicationTaskExecutor'
2020-12-04 04:01:20,088 INFO org.springframework.boot.StartupInfoLogger [main] Starting AuthServerApplicationTests on MSI with PID 2360 (started by DCH in G:\工作training\teamProject\auth-server-Team\auth-server)
2020-12-04 04:01:20,096 INFO org.springframework.boot.SpringApplication [main] No active profile set, falling back to default profiles: default
2020-12-04 04:01:21,368 INFO org.springframework.data.repository.config.RepositoryConfigurationDelegate [main] Bootstrapping Spring Data JPA repositories in DEFERRED mode.
2020-12-04 04:01:21,410 INFO org.springframework.data.repository.config.RepositoryConfigurationDelegate [main] Finished Spring Data repository scanning in 26ms. Found 0 JPA repository interfaces.
2020-12-04 04:01:21,885 INFO org.springframework.context.support.PostProcessorRegistrationDelegate$BeanPostProcessorChecker [main] Bean 'org.springframework.transaction.annotation.ProxyTransactionManagementConfiguration' of type [org.springframework.transaction.annotation.ProxyTransactionManagementConfiguration] is not eligible for getting processed by all BeanPostProcessors (for example: not eligible for auto-proxying)
2020-12-04 04:01:22,398 INFO org.hibernate.Version [main] HHH000412: Hibernate Core {5.3.14.Final}
2020-12-04 04:01:22,402 INFO org.hibernate.cfg.Environment [main] HHH000206: hibernate.properties not found
2020-12-04 04:01:22,688 INFO org.hibernate.annotations.common.reflection.java.JavaReflectionManager [main] HCANN000001: Hibernate Commons Annotations {5.0.4.Final}
2020-12-04 04:01:24,750 INFO org.hibernate.dialect.Dialect [main] HHH000400: Using dialect: org.hibernate.dialect.MySQLDialect
2020-12-04 04:01:27,169 WARN org.springframework.boot.autoconfigure.orm.jpa.JpaBaseConfiguration$JpaWebConfiguration [main] spring.jpa.open-in-view is enabled by default. Therefore, database queries may be performed during view rendering. Explicitly configure spring.jpa.open-in-view to disable this warning
2020-12-04 04:01:27,868 INFO org.springframework.scheduling.concurrent.ExecutorConfigurationSupport [main] Initializing ExecutorService 'applicationTaskExecutor'
2020-12-04 04:01:28,695 INFO org.springframework.data.repository.config.DeferredRepositoryInitializationListener [main] Triggering deferred initialization of Spring Data repositories…
2020-12-04 04:01:28,696 INFO org.springframework.data.repository.config.DeferredRepositoryInitializationListener [main] Spring Data repositories initialized!
2020-12-04 04:01:28,716 INFO org.springframework.boot.StartupInfoLogger [main] Started AuthServerApplicationTests in 9.613 seconds (JVM running for 12.137)
2020-12-04 04:02:01,305 INFO org.springframework.scheduling.concurrent.ExecutorConfigurationSupport [SpringContextShutdownHook] Shutting down ExecutorService 'applicationTaskExecutor'
2020-12-04 04:02:23,664 INFO org.springframework.boot.StartupInfoLogger [main] Starting AuthServerApplicationTests on MSI with PID 13740 (started by DCH in G:\工作training\teamProject\auth-server-Team\auth-server)
2020-12-04 04:02:23,666 INFO org.springframework.boot.SpringApplication [main] No active profile set, falling back to default profiles: default
2020-12-04 04:02:25,449 INFO org.springframework.data.repository.config.RepositoryConfigurationDelegate [main] Bootstrapping Spring Data JPA repositories in DEFERRED mode.
2020-12-04 04:02:25,514 INFO org.springframework.data.repository.config.RepositoryConfigurationDelegate [main] Finished Spring Data repository scanning in 47ms. Found 0 JPA repository interfaces.
2020-12-04 04:02:26,322 INFO org.springframework.context.support.PostProcessorRegistrationDelegate$BeanPostProcessorChecker [main] Bean 'org.springframework.transaction.annotation.ProxyTransactionManagementConfiguration' of type [org.springframework.transaction.annotation.ProxyTransactionManagementConfiguration] is not eligible for getting processed by all BeanPostProcessors (for example: not eligible for auto-proxying)
2020-12-04 04:02:27,048 INFO org.hibernate.Version [main] HHH000412: Hibernate Core {5.3.14.Final}
2020-12-04 04:02:27,050 INFO org.hibernate.cfg.Environment [main] HHH000206: hibernate.properties not found
2020-12-04 04:02:27,275 INFO org.hibernate.annotations.common.reflection.java.JavaReflectionManager [main] HCANN000001: Hibernate Commons Annotations {5.0.4.Final}
2020-12-04 04:02:29,246 INFO org.hibernate.dialect.Dialect [main] HHH000400: Using dialect: org.hibernate.dialect.MySQLDialect
2020-12-04 04:02:30,469 WARN org.springframework.boot.autoconfigure.orm.jpa.JpaBaseConfiguration$JpaWebConfiguration [main] spring.jpa.open-in-view is enabled by default. Therefore, database queries may be performed during view rendering. Explicitly configure spring.jpa.open-in-view to disable this warning
2020-12-04 04:02:30,794 INFO org.springframework.scheduling.concurrent.ExecutorConfigurationSupport [main] Initializing ExecutorService 'applicationTaskExecutor'
2020-12-04 04:02:31,329 INFO org.springframework.data.repository.config.DeferredRepositoryInitializationListener [main] Triggering deferred initialization of Spring Data repositories…
2020-12-04 04:02:31,330 INFO org.springframework.data.repository.config.DeferredRepositoryInitializationListener [main] Spring Data repositories initialized!
2020-12-04 04:02:31,339 INFO org.springframework.boot.StartupInfoLogger [main] Started AuthServerApplicationTests in 8.496 seconds (JVM running for 10.367)
2020-12-04 04:02:31,595 INFO org.springframework.scheduling.concurrent.ExecutorConfigurationSupport [SpringContextShutdownHook] Shutting down ExecutorService 'applicationTaskExecutor'
2020-12-04 04:04:25,256 INFO org.springframework.boot.StartupInfoLogger [main] Starting AuthServerApplicationTests on MSI with PID 15808 (started by DCH in G:\工作training\teamProject\auth-server-Team\auth-server)
2020-12-04 04:04:25,299 INFO org.springframework.boot.SpringApplication [main] No active profile set, falling back to default profiles: default
2020-12-04 04:04:26,789 INFO org.springframework.data.repository.config.RepositoryConfigurationDelegate [main] Bootstrapping Spring Data JPA repositories in DEFERRED mode.
2020-12-04 04:04:26,859 INFO org.springframework.data.repository.config.RepositoryConfigurationDelegate [main] Finished Spring Data repository scanning in 42ms. Found 0 JPA repository interfaces.
2020-12-04 04:04:27,602 INFO org.springframework.context.support.PostProcessorRegistrationDelegate$BeanPostProcessorChecker [main] Bean 'org.springframework.transaction.annotation.ProxyTransactionManagementConfiguration' of type [org.springframework.transaction.annotation.ProxyTransactionManagementConfiguration] is not eligible for getting processed by all BeanPostProcessors (for example: not eligible for auto-proxying)
2020-12-04 04:04:28,071 INFO org.hibernate.Version [main] HHH000412: Hibernate Core {5.3.14.Final}
2020-12-04 04:04:28,075 INFO org.hibernate.cfg.Environment [main] HHH000206: hibernate.properties not found
2020-12-04 04:04:28,313 INFO org.hibernate.annotations.common.reflection.java.JavaReflectionManager [main] HCANN000001: Hibernate Commons Annotations {5.0.4.Final}
2020-12-04 04:04:30,355 INFO org.hibernate.dialect.Dialect [main] HHH000400: Using dialect: org.hibernate.dialect.MySQLDialect
2020-12-04 04:04:31,912 WARN org.springframework.boot.autoconfigure.orm.jpa.JpaBaseConfiguration$JpaWebConfiguration [main] spring.jpa.open-in-view is enabled by default. Therefore, database queries may be performed during view rendering. Explicitly configure spring.jpa.open-in-view to disable this warning
2020-12-04 04:04:32,515 INFO org.springframework.scheduling.concurrent.ExecutorConfigurationSupport [main] Initializing ExecutorService 'applicationTaskExecutor'
2020-12-04 04:04:33,823 INFO org.springframework.data.repository.config.DeferredRepositoryInitializationListener [main] Triggering deferred initialization of Spring Data repositories…
2020-12-04 04:04:33,825 INFO org.springframework.data.repository.config.DeferredRepositoryInitializationListener [main] Spring Data repositories initialized!
2020-12-04 04:04:33,842 INFO org.springframework.boot.StartupInfoLogger [main] Started AuthServerApplicationTests in 9.286 seconds (JVM running for 11.614)
2020-12-04 04:04:34,476 INFO org.springframework.scheduling.concurrent.ExecutorConfigurationSupport [SpringContextShutdownHook] Shutting down ExecutorService 'applicationTaskExecutor'
2020-12-04 04:05:06,232 INFO org.springframework.boot.StartupInfoLogger [main] Starting AuthServerApplicationTests on MSI with PID 5536 (started by DCH in G:\工作training\teamProject\auth-server-Team\auth-server)
2020-12-04 04:05:06,240 INFO org.springframework.boot.SpringApplication [main] No active profile set, falling back to default profiles: default
2020-12-04 04:05:07,365 INFO org.springframework.data.repository.config.RepositoryConfigurationDelegate [main] Bootstrapping Spring Data JPA repositories in DEFERRED mode.
2020-12-04 04:05:07,413 INFO org.springframework.data.repository.config.RepositoryConfigurationDelegate [main] Finished Spring Data repository scanning in 30ms. Found 0 JPA repository interfaces.
2020-12-04 04:05:07,915 INFO org.springframework.context.support.PostProcessorRegistrationDelegate$BeanPostProcessorChecker [main] Bean 'org.springframework.transaction.annotation.ProxyTransactionManagementConfiguration' of type [org.springframework.transaction.annotation.ProxyTransactionManagementConfiguration] is not eligible for getting processed by all BeanPostProcessors (for example: not eligible for auto-proxying)
2020-12-04 04:05:08,358 INFO org.hibernate.Version [main] HHH000412: Hibernate Core {5.3.14.Final}
2020-12-04 04:05:08,361 INFO org.hibernate.cfg.Environment [main] HHH000206: hibernate.properties not found
2020-12-04 04:05:08,634 INFO org.hibernate.annotations.common.reflection.java.JavaReflectionManager [main] HCANN000001: Hibernate Commons Annotations {5.0.4.Final}
2020-12-04 04:05:10,840 INFO org.hibernate.dialect.Dialect [main] HHH000400: Using dialect: org.hibernate.dialect.MySQLDialect
2020-12-04 04:05:12,458 WARN org.springframework.boot.autoconfigure.orm.jpa.JpaBaseConfiguration$JpaWebConfiguration [main] spring.jpa.open-in-view is enabled by default. Therefore, database queries may be performed during view rendering. Explicitly configure spring.jpa.open-in-view to disable this warning
2020-12-04 04:05:12,835 INFO org.springframework.scheduling.concurrent.ExecutorConfigurationSupport [main] Initializing ExecutorService 'applicationTaskExecutor'
2020-12-04 04:05:13,595 INFO org.springframework.data.repository.config.DeferredRepositoryInitializationListener [main] Triggering deferred initialization of Spring Data repositories…
2020-12-04 04:05:13,596 INFO org.springframework.data.repository.config.DeferredRepositoryInitializationListener [main] Spring Data repositories initialized!
2020-12-04 04:05:13,607 INFO org.springframework.boot.StartupInfoLogger [main] Started AuthServerApplicationTests in 8.241 seconds (JVM running for 10.957)
2020-12-04 04:05:55,485 INFO org.springframework.scheduling.concurrent.ExecutorConfigurationSupport [SpringContextShutdownHook] Shutting down ExecutorService 'applicationTaskExecutor'
2020-12-04 04:07:04,441 INFO org.springframework.boot.StartupInfoLogger [main] Starting AuthServerApplicationTests on MSI with PID 12264 (started by DCH in G:\工作training\teamProject\auth-server-Team\auth-server)
2020-12-04 04:07:04,445 INFO org.springframework.boot.SpringApplication [main] No active profile set, falling back to default profiles: default
2020-12-04 04:07:06,104 INFO org.springframework.data.repository.config.RepositoryConfigurationDelegate [main] Bootstrapping Spring Data JPA repositories in DEFERRED mode.
2020-12-04 04:07:06,159 INFO org.springframework.data.repository.config.RepositoryConfigurationDelegate [main] Finished Spring Data repository scanning in 34ms. Found 0 JPA repository interfaces.
2020-12-04 04:07:06,571 INFO org.springframework.context.support.PostProcessorRegistrationDelegate$BeanPostProcessorChecker [main] Bean 'org.springframework.transaction.annotation.ProxyTransactionManagementConfiguration' of type [org.springframework.transaction.annotation.ProxyTransactionManagementConfiguration] is not eligible for getting processed by all BeanPostProcessors (for example: not eligible for auto-proxying)
2020-12-04 04:07:06,952 INFO org.hibernate.Version [main] HHH000412: Hibernate Core {5.3.14.Final}
2020-12-04 04:07:06,955 INFO org.hibernate.cfg.Environment [main] HHH000206: hibernate.properties not found
2020-12-04 04:07:07,153 INFO org.hibernate.annotations.common.reflection.java.JavaReflectionManager [main] HCANN000001: Hibernate Commons Annotations {5.0.4.Final}
2020-12-04 04:07:09,219 INFO org.hibernate.dialect.Dialect [main] HHH000400: Using dialect: org.hibernate.dialect.MySQLDialect
2020-12-04 04:07:10,528 WARN org.springframework.boot.autoconfigure.orm.jpa.JpaBaseConfiguration$JpaWebConfiguration [main] spring.jpa.open-in-view is enabled by default. Therefore, database queries may be performed during view rendering. Explicitly configure spring.jpa.open-in-view to disable this warning
2020-12-04 04:07:10,846 INFO org.springframework.scheduling.concurrent.ExecutorConfigurationSupport [main] Initializing ExecutorService 'applicationTaskExecutor'
2020-12-04 04:07:11,412 INFO org.springframework.data.repository.config.DeferredRepositoryInitializationListener [main] Triggering deferred initialization of Spring Data repositories…
2020-12-04 04:07:11,413 INFO org.springframework.data.repository.config.DeferredRepositoryInitializationListener [main] Spring Data repositories initialized!
2020-12-04 04:07:11,422 INFO org.springframework.boot.StartupInfoLogger [main] Started AuthServerApplicationTests in 7.636 seconds (JVM running for 10.096)
2020-12-04 04:07:11,671 INFO org.springframework.scheduling.concurrent.ExecutorConfigurationSupport [SpringContextShutdownHook] Shutting down ExecutorService 'applicationTaskExecutor'
2020-12-04 04:08:03,402 INFO org.springframework.boot.StartupInfoLogger [main] Starting AuthServerApplicationTests on MSI with PID 12660 (started by DCH in G:\工作training\teamProject\auth-server-Team\auth-server)
2020-12-04 04:08:03,411 INFO org.springframework.boot.SpringApplication [main] No active profile set, falling back to default profiles: default
2020-12-04 04:08:04,896 INFO org.springframework.data.repository.config.RepositoryConfigurationDelegate [main] Bootstrapping Spring Data JPA repositories in DEFERRED mode.
2020-12-04 04:08:04,967 INFO org.springframework.data.repository.config.RepositoryConfigurationDelegate [main] Finished Spring Data repository scanning in 43ms. Found 0 JPA repository interfaces.
2020-12-04 04:08:05,421 INFO org.springframework.context.support.PostProcessorRegistrationDelegate$BeanPostProcessorChecker [main] Bean 'org.springframework.transaction.annotation.ProxyTransactionManagementConfiguration' of type [org.springframework.transaction.annotation.ProxyTransactionManagementConfiguration] is not eligible for getting processed by all BeanPostProcessors (for example: not eligible for auto-proxying)
2020-12-04 04:08:05,935 INFO org.hibernate.Version [main] HHH000412: Hibernate Core {5.3.14.Final}
2020-12-04 04:08:05,938 INFO org.hibernate.cfg.Environment [main] HHH000206: hibernate.properties not found
2020-12-04 04:08:06,147 INFO org.hibernate.annotations.common.reflection.java.JavaReflectionManager [main] HCANN000001: Hibernate Commons Annotations {5.0.4.Final}
2020-12-04 04:08:08,046 INFO org.hibernate.dialect.Dialect [main] HHH000400: Using dialect: org.hibernate.dialect.MySQLDialect
2020-12-04 04:08:09,288 WARN org.springframework.boot.autoconfigure.orm.jpa.JpaBaseConfiguration$JpaWebConfiguration [main] spring.jpa.open-in-view is enabled by default. Therefore, database queries may be performed during view rendering. Explicitly configure spring.jpa.open-in-view to disable this warning
2020-12-04 04:08:09,790 INFO org.springframework.scheduling.concurrent.ExecutorConfigurationSupport [main] Initializing ExecutorService 'applicationTaskExecutor'
2020-12-04 04:08:10,822 INFO org.springframework.data.repository.config.DeferredRepositoryInitializationListener [main] Triggering deferred initialization of Spring Data repositories…
2020-12-04 04:08:10,825 INFO org.springframework.data.repository.config.DeferredRepositoryInitializationListener [main] Spring Data repositories initialized!
2020-12-04 04:08:10,858 INFO org.springframework.boot.StartupInfoLogger [main] Started AuthServerApplicationTests in 8.137 seconds (JVM running for 9.873)
2020-12-04 04:08:11,220 INFO org.springframework.scheduling.concurrent.ExecutorConfigurationSupport [SpringContextShutdownHook] Shutting down ExecutorService 'applicationTaskExecutor'
2020-12-04 04:10:52,452 INFO org.springframework.boot.StartupInfoLogger [main] Starting AuthServerApplicationTests on MSI with PID 19056 (started by DCH in G:\工作training\teamProject\auth-server-Team\auth-server)
2020-12-04 04:10:52,460 INFO org.springframework.boot.SpringApplication [main] No active profile set, falling back to default profiles: default
2020-12-04 04:10:53,446 INFO org.springframework.data.repository.config.RepositoryConfigurationDelegate [main] Bootstrapping Spring Data JPA repositories in DEFERRED mode.
2020-12-04 04:10:53,493 INFO org.springframework.data.repository.config.RepositoryConfigurationDelegate [main] Finished Spring Data repository scanning in 29ms. Found 0 JPA repository interfaces.
2020-12-04 04:10:53,975 INFO org.springframework.context.support.PostProcessorRegistrationDelegate$BeanPostProcessorChecker [main] Bean 'org.springframework.transaction.annotation.ProxyTransactionManagementConfiguration' of type [org.springframework.transaction.annotation.ProxyTransactionManagementConfiguration] is not eligible for getting processed by all BeanPostProcessors (for example: not eligible for auto-proxying)
2020-12-04 04:10:54,468 INFO org.hibernate.Version [main] HHH000412: Hibernate Core {5.3.14.Final}
2020-12-04 04:10:54,471 INFO org.hibernate.cfg.Environment [main] HHH000206: hibernate.properties not found
2020-12-04 04:10:54,754 INFO org.hibernate.annotations.common.reflection.java.JavaReflectionManager [main] HCANN000001: Hibernate Commons Annotations {5.0.4.Final}
2020-12-04 04:10:57,054 INFO org.hibernate.dialect.Dialect [main] HHH000400: Using dialect: org.hibernate.dialect.MySQLDialect
2020-12-04 04:10:58,626 WARN org.springframework.boot.autoconfigure.orm.jpa.JpaBaseConfiguration$JpaWebConfiguration [main] spring.jpa.open-in-view is enabled by default. Therefore, database queries may be performed during view rendering. Explicitly configure spring.jpa.open-in-view to disable this warning
2020-12-04 04:10:59,033 INFO org.springframework.scheduling.concurrent.ExecutorConfigurationSupport [main] Initializing ExecutorService 'applicationTaskExecutor'
2020-12-04 04:10:59,810 INFO org.springframework.data.repository.config.DeferredRepositoryInitializationListener [main] Triggering deferred initialization of Spring Data repositories…
2020-12-04 04:10:59,812 INFO org.springframework.data.repository.config.DeferredRepositoryInitializationListener [main] Spring Data repositories initialized!
2020-12-04 04:10:59,825 INFO org.springframework.boot.StartupInfoLogger [main] Started AuthServerApplicationTests in 8.082 seconds (JVM running for 10.82)
2020-12-04 04:11:00,307 INFO org.springframework.scheduling.concurrent.ExecutorConfigurationSupport [SpringContextShutdownHook] Shutting down ExecutorService 'applicationTaskExecutor'
2020-12-04 04:11:53,492 INFO org.springframework.boot.StartupInfoLogger [main] Starting AuthServerApplicationTests on MSI with PID 12852 (started by DCH in G:\工作training\teamProject\auth-server-Team\auth-server)
2020-12-04 04:11:53,524 INFO org.springframework.boot.SpringApplication [main] No active profile set, falling back to default profiles: default
2020-12-04 04:11:54,830 INFO org.springframework.data.repository.config.RepositoryConfigurationDelegate [main] Bootstrapping Spring Data JPA repositories in DEFERRED mode.
2020-12-04 04:11:54,898 INFO org.springframework.data.repository.config.RepositoryConfigurationDelegate [main] Finished Spring Data repository scanning in 36ms. Found 0 JPA repository interfaces.
2020-12-04 04:11:55,736 INFO org.springframework.context.support.PostProcessorRegistrationDelegate$BeanPostProcessorChecker [main] Bean 'org.springframework.transaction.annotation.ProxyTransactionManagementConfiguration' of type [org.springframework.transaction.annotation.ProxyTransactionManagementConfiguration] is not eligible for getting processed by all BeanPostProcessors (for example: not eligible for auto-proxying)
2020-12-04 04:11:56,278 INFO org.hibernate.Version [main] HHH000412: Hibernate Core {5.3.14.Final}
2020-12-04 04:11:56,281 INFO org.hibernate.cfg.Environment [main] HHH000206: hibernate.properties not found
2020-12-04 04:11:56,533 INFO org.hibernate.annotations.common.reflection.java.JavaReflectionManager [main] HCANN000001: Hibernate Commons Annotations {5.0.4.Final}
2020-12-04 04:11:58,587 INFO org.hibernate.dialect.Dialect [main] HHH000400: Using dialect: org.hibernate.dialect.MySQLDialect
2020-12-04 04:12:00,154 WARN org.springframework.boot.autoconfigure.orm.jpa.JpaBaseConfiguration$JpaWebConfiguration [main] spring.jpa.open-in-view is enabled by default. Therefore, database queries may be performed during view rendering. Explicitly configure spring.jpa.open-in-view to disable this warning
2020-12-04 04:12:00,580 INFO org.springframework.scheduling.concurrent.ExecutorConfigurationSupport [main] Initializing ExecutorService 'applicationTaskExecutor'
2020-12-04 04:12:01,870 INFO org.springframework.data.repository.config.DeferredRepositoryInitializationListener [main] Triggering deferred initialization of Spring Data repositories…
2020-12-04 04:12:01,872 INFO org.springframework.data.repository.config.DeferredRepositoryInitializationListener [main] Spring Data repositories initialized!
2020-12-04 04:12:01,902 INFO org.springframework.boot.StartupInfoLogger [main] Started AuthServerApplicationTests in 9.319 seconds (JVM running for 11.639)
2020-12-04 04:12:02,196 INFO org.springframework.scheduling.concurrent.ExecutorConfigurationSupport [SpringContextShutdownHook] Shutting down ExecutorService 'applicationTaskExecutor'
2020-12-04 04:12:48,747 INFO org.springframework.boot.StartupInfoLogger [main] Starting AuthServerApplicationTests on MSI with PID 11960 (started by DCH in G:\工作training\teamProject\auth-server-Team\auth-server)
2020-12-04 04:12:48,750 INFO org.springframework.boot.SpringApplication [main] No active profile set, falling back to default profiles: default
2020-12-04 04:12:50,557 INFO org.springframework.data.repository.config.RepositoryConfigurationDelegate [main] Bootstrapping Spring Data JPA repositories in DEFERRED mode.
2020-12-04 04:12:50,607 INFO org.springframework.data.repository.config.RepositoryConfigurationDelegate [main] Finished Spring Data repository scanning in 28ms. Found 0 JPA repository interfaces.
2020-12-04 04:12:51,007 INFO org.springframework.context.support.PostProcessorRegistrationDelegate$BeanPostProcessorChecker [main] Bean 'org.springframework.transaction.annotation.ProxyTransactionManagementConfiguration' of type [org.springframework.transaction.annotation.ProxyTransactionManagementConfiguration] is not eligible for getting processed by all BeanPostProcessors (for example: not eligible for auto-proxying)
2020-12-04 04:12:51,363 INFO org.hibernate.Version [main] HHH000412: Hibernate Core {5.3.14.Final}
2020-12-04 04:12:51,365 INFO org.hibernate.cfg.Environment [main] HHH000206: hibernate.properties not found
2020-12-04 04:12:51,556 INFO org.hibernate.annotations.common.reflection.java.JavaReflectionManager [main] HCANN000001: Hibernate Commons Annotations {5.0.4.Final}
2020-12-04 04:12:53,557 INFO org.hibernate.dialect.Dialect [main] HHH000400: Using dialect: org.hibernate.dialect.MySQLDialect
2020-12-04 04:12:54,804 WARN org.springframework.boot.autoconfigure.orm.jpa.JpaBaseConfiguration$JpaWebConfiguration [main] spring.jpa.open-in-view is enabled by default. Therefore, database queries may be performed during view rendering. Explicitly configure spring.jpa.open-in-view to disable this warning
2020-12-04 04:12:55,108 INFO org.springframework.scheduling.concurrent.ExecutorConfigurationSupport [main] Initializing ExecutorService 'applicationTaskExecutor'
2020-12-04 04:12:55,839 INFO org.springframework.data.repository.config.DeferredRepositoryInitializationListener [main] Triggering deferred initialization of Spring Data repositories…
2020-12-04 04:12:55,852 INFO org.springframework.data.repository.config.DeferredRepositoryInitializationListener [main] Spring Data repositories initialized!
2020-12-04 04:12:55,870 INFO org.springframework.boot.StartupInfoLogger [main] Started AuthServerApplicationTests in 7.8 seconds (JVM running for 9.576)
2020-12-04 04:12:56,527 INFO org.springframework.scheduling.concurrent.ExecutorConfigurationSupport [SpringContextShutdownHook] Shutting down ExecutorService 'applicationTaskExecutor'
2020-12-04 04:13:15,316 INFO org.springframework.boot.StartupInfoLogger [main] Starting AuthServerApplicationTests on MSI with PID 15416 (started by DCH in G:\工作training\teamProject\auth-server-Team\auth-server)
2020-12-04 04:13:15,319 INFO org.springframework.boot.SpringApplication [main] No active profile set, falling back to default profiles: default
2020-12-04 04:13:16,475 INFO org.springframework.data.repository.config.RepositoryConfigurationDelegate [main] Bootstrapping Spring Data JPA repositories in DEFERRED mode.
2020-12-04 04:13:16,523 INFO org.springframework.data.repository.config.RepositoryConfigurationDelegate [main] Finished Spring Data repository scanning in 30ms. Found 0 JPA repository interfaces.
2020-12-04 04:13:17,083 INFO org.springframework.context.support.PostProcessorRegistrationDelegate$BeanPostProcessorChecker [main] Bean 'org.springframework.transaction.annotation.ProxyTransactionManagementConfiguration' of type [org.springframework.transaction.annotation.ProxyTransactionManagementConfiguration] is not eligible for getting processed by all BeanPostProcessors (for example: not eligible for auto-proxying)
2020-12-04 04:13:17,598 INFO org.hibernate.Version [main] HHH000412: Hibernate Core {5.3.14.Final}
2020-12-04 04:13:17,601 INFO org.hibernate.cfg.Environment [main] HHH000206: hibernate.properties not found
2020-12-04 04:13:17,859 INFO org.hibernate.annotations.common.reflection.java.JavaReflectionManager [main] HCANN000001: Hibernate Commons Annotations {5.0.4.Final}
2020-12-04 04:13:19,872 INFO org.hibernate.dialect.Dialect [main] HHH000400: Using dialect: org.hibernate.dialect.MySQLDialect
2020-12-04 04:13:21,780 WARN org.springframework.boot.autoconfigure.orm.jpa.JpaBaseConfiguration$JpaWebConfiguration [main] spring.jpa.open-in-view is enabled by default. Therefore, database queries may be performed during view rendering. Explicitly configure spring.jpa.open-in-view to disable this warning
2020-12-04 04:13:22,618 INFO org.springframework.scheduling.concurrent.ExecutorConfigurationSupport [main] Initializing ExecutorService 'applicationTaskExecutor'
2020-12-04 04:13:23,462 INFO org.springframework.data.repository.config.DeferredRepositoryInitializationListener [main] Triggering deferred initialization of Spring Data repositories…
2020-12-04 04:13:23,464 INFO org.springframework.data.repository.config.DeferredRepositoryInitializationListener [main] Spring Data repositories initialized!
2020-12-04 04:13:23,475 INFO org.springframework.boot.StartupInfoLogger [main] Started AuthServerApplicationTests in 9.36 seconds (JVM running for 11.759)
2020-12-04 04:13:55,413 INFO org.springframework.scheduling.concurrent.ExecutorConfigurationSupport [SpringContextShutdownHook] Shutting down ExecutorService 'applicationTaskExecutor'
2020-12-04 04:14:09,081 INFO org.springframework.boot.StartupInfoLogger [main] Starting AuthServerApplicationTests on MSI with PID 13140 (started by DCH in G:\工作training\teamProject\auth-server-Team\auth-server)
2020-12-04 04:14:09,142 INFO org.springframework.boot.SpringApplication [main] No active profile set, falling back to default profiles: default
2020-12-04 04:14:10,905 INFO org.springframework.data.repository.config.RepositoryConfigurationDelegate [main] Bootstrapping Spring Data JPA repositories in DEFERRED mode.
2020-12-04 04:14:10,967 INFO org.springframework.data.repository.config.RepositoryConfigurationDelegate [main] Finished Spring Data repository scanning in 36ms. Found 0 JPA repository interfaces.
2020-12-04 04:14:11,544 INFO org.springframework.context.support.PostProcessorRegistrationDelegate$BeanPostProcessorChecker [main] Bean 'org.springframework.transaction.annotation.ProxyTransactionManagementConfiguration' of type [org.springframework.transaction.annotation.ProxyTransactionManagementConfiguration] is not eligible for getting processed by all BeanPostProcessors (for example: not eligible for auto-proxying)
2020-12-04 04:14:11,993 INFO org.hibernate.Version [main] HHH000412: Hibernate Core {5.3.14.Final}
2020-12-04 04:14:11,996 INFO org.hibernate.cfg.Environment [main] HHH000206: hibernate.properties not found
2020-12-04 04:14:12,204 INFO org.hibernate.annotations.common.reflection.java.JavaReflectionManager [main] HCANN000001: Hibernate Commons Annotations {5.0.4.Final}
2020-12-04 04:14:14,242 INFO org.hibernate.dialect.Dialect [main] HHH000400: Using dialect: org.hibernate.dialect.MySQLDialect
2020-12-04 04:14:15,814 WARN org.springframework.boot.autoconfigure.orm.jpa.JpaBaseConfiguration$JpaWebConfiguration [main] spring.jpa.open-in-view is enabled by default. Therefore, database queries may be performed during view rendering. Explicitly configure spring.jpa.open-in-view to disable this warning
2020-12-04 04:14:16,675 INFO org.springframework.scheduling.concurrent.ExecutorConfigurationSupport [main] Initializing ExecutorService 'applicationTaskExecutor'
2020-12-04 04:14:17,886 INFO org.springframework.data.repository.config.DeferredRepositoryInitializationListener [main] Triggering deferred initialization of Spring Data repositories…
2020-12-04 04:14:17,888 INFO org.springframework.data.repository.config.DeferredRepositoryInitializationListener [main] Spring Data repositories initialized!
2020-12-04 04:14:17,904 INFO org.springframework.boot.StartupInfoLogger [main] Started AuthServerApplicationTests in 9.699 seconds (JVM running for 11.84)
2020-12-04 04:15:12,985 INFO org.springframework.scheduling.concurrent.ExecutorConfigurationSupport [SpringContextShutdownHook] Shutting down ExecutorService 'applicationTaskExecutor'
2020-12-04 04:35:56,299 INFO org.springframework.boot.StartupInfoLogger [main] Starting AuthServerApplicationTests on MSI with PID 9136 (started by DCH in G:\工作training\teamProject\auth-server-Team\auth-server)
2020-12-04 04:35:56,306 INFO org.springframework.boot.SpringApplication [main] No active profile set, falling back to default profiles: default
2020-12-04 04:35:57,594 INFO org.springframework.data.repository.config.RepositoryConfigurationDelegate [main] Bootstrapping Spring Data JPA repositories in DEFERRED mode.
2020-12-04 04:35:57,648 INFO org.springframework.data.repository.config.RepositoryConfigurationDelegate [main] Finished Spring Data repository scanning in 35ms. Found 0 JPA repository interfaces.
2020-12-04 04:35:58,281 INFO org.springframework.context.support.PostProcessorRegistrationDelegate$BeanPostProcessorChecker [main] Bean 'org.springframework.transaction.annotation.ProxyTransactionManagementConfiguration' of type [org.springframework.transaction.annotation.ProxyTransactionManagementConfiguration] is not eligible for getting processed by all BeanPostProcessors (for example: not eligible for auto-proxying)
2020-12-04 04:35:58,779 INFO org.hibernate.Version [main] HHH000412: Hibernate Core {5.3.14.Final}
2020-12-04 04:35:58,783 INFO org.hibernate.cfg.Environment [main] HHH000206: hibernate.properties not found
2020-12-04 04:35:59,265 INFO org.hibernate.annotations.common.reflection.java.JavaReflectionManager [main] HCANN000001: Hibernate Commons Annotations {5.0.4.Final}
2020-12-04 04:36:02,047 INFO org.hibernate.dialect.Dialect [main] HHH000400: Using dialect: org.hibernate.dialect.MySQLDialect
2020-12-04 04:36:04,311 WARN org.springframework.boot.autoconfigure.orm.jpa.JpaBaseConfiguration$JpaWebConfiguration [main] spring.jpa.open-in-view is enabled by default. Therefore, database queries may be performed during view rendering. Explicitly configure spring.jpa.open-in-view to disable this warning
2020-12-04 04:36:05,423 INFO org.springframework.scheduling.concurrent.ExecutorConfigurationSupport [main] Initializing ExecutorService 'applicationTaskExecutor'
2020-12-04 04:36:07,651 INFO org.springframework.data.repository.config.DeferredRepositoryInitializationListener [main] Triggering deferred initialization of Spring Data repositories…
2020-12-04 04:36:07,660 INFO org.springframework.data.repository.config.DeferredRepositoryInitializationListener [main] Spring Data repositories initialized!
2020-12-04 04:36:07,695 INFO org.springframework.boot.StartupInfoLogger [main] Started AuthServerApplicationTests in 13.107 seconds (JVM running for 16.473)
2020-12-04 04:36:08,646 INFO org.springframework.scheduling.concurrent.ExecutorConfigurationSupport [SpringContextShutdownHook] Shutting down ExecutorService 'applicationTaskExecutor'
2020-12-04 04:36:29,346 INFO org.springframework.boot.StartupInfoLogger [main] Starting AuthServerApplicationTests on MSI with PID 19056 (started by DCH in G:\工作training\teamProject\auth-server-Team\auth-server)
2020-12-04 04:36:29,361 INFO org.springframework.boot.SpringApplication [main] No active profile set, falling back to default profiles: default
2020-12-04 04:36:30,512 INFO org.springframework.data.repository.config.RepositoryConfigurationDelegate [main] Bootstrapping Spring Data JPA repositories in DEFERRED mode.
2020-12-04 04:36:30,574 INFO org.springframework.data.repository.config.RepositoryConfigurationDelegate [main] Finished Spring Data repository scanning in 40ms. Found 0 JPA repository interfaces.
2020-12-04 04:36:31,265 INFO org.springframework.context.support.PostProcessorRegistrationDelegate$BeanPostProcessorChecker [main] Bean 'org.springframework.transaction.annotation.ProxyTransactionManagementConfiguration' of type [org.springframework.transaction.annotation.ProxyTransactionManagementConfiguration] is not eligible for getting processed by all BeanPostProcessors (for example: not eligible for auto-proxying)
2020-12-04 04:36:31,910 INFO org.hibernate.Version [main] HHH000412: Hibernate Core {5.3.14.Final}
2020-12-04 04:36:31,914 INFO org.hibernate.cfg.Environment [main] HHH000206: hibernate.properties not found
2020-12-04 04:36:32,301 INFO org.hibernate.annotations.common.reflection.java.JavaReflectionManager [main] HCANN000001: Hibernate Commons Annotations {5.0.4.Final}
2020-12-04 04:36:34,648 INFO org.hibernate.dialect.Dialect [main] HHH000400: Using dialect: org.hibernate.dialect.MySQLDialect
2020-12-04 04:36:36,530 WARN org.springframework.boot.autoconfigure.orm.jpa.JpaBaseConfiguration$JpaWebConfiguration [main] spring.jpa.open-in-view is enabled by default. Therefore, database queries may be performed during view rendering. Explicitly configure spring.jpa.open-in-view to disable this warning
2020-12-04 04:36:37,062 INFO org.springframework.scheduling.concurrent.ExecutorConfigurationSupport [main] Initializing ExecutorService 'applicationTaskExecutor'
2020-12-04 04:36:38,187 INFO org.springframework.data.repository.config.DeferredRepositoryInitializationListener [main] Triggering deferred initialization of Spring Data repositories…
2020-12-04 04:36:38,189 INFO org.springframework.data.repository.config.DeferredRepositoryInitializationListener [main] Spring Data repositories initialized!
2020-12-04 04:36:38,203 INFO org.springframework.boot.StartupInfoLogger [main] Started AuthServerApplicationTests in 9.728 seconds (JVM running for 12.516)
2020-12-04 04:37:18,930 INFO org.springframework.scheduling.concurrent.ExecutorConfigurationSupport [SpringContextShutdownHook] Shutting down ExecutorService 'applicationTaskExecutor'
2020-12-04 04:37:43,841 INFO org.springframework.boot.StartupInfoLogger [main] Starting AuthServerApplicationTests on MSI with PID 11616 (started by DCH in G:\工作training\teamProject\auth-server-Team\auth-server)
2020-12-04 04:37:43,850 INFO org.springframework.boot.SpringApplication [main] No active profile set, falling back to default profiles: default
2020-12-04 04:37:46,000 INFO org.springframework.data.repository.config.RepositoryConfigurationDelegate [main] Bootstrapping Spring Data JPA repositories in DEFERRED mode.
2020-12-04 04:37:46,068 INFO org.springframework.data.repository.config.RepositoryConfigurationDelegate [main] Finished Spring Data repository scanning in 36ms. Found 0 JPA repository interfaces.
2020-12-04 04:37:46,883 INFO org.springframework.context.support.PostProcessorRegistrationDelegate$BeanPostProcessorChecker [main] Bean 'org.springframework.transaction.annotation.ProxyTransactionManagementConfiguration' of type [org.springframework.transaction.annotation.ProxyTransactionManagementConfiguration] is not eligible for getting processed by all BeanPostProcessors (for example: not eligible for auto-proxying)
2020-12-04 04:37:47,631 INFO org.hibernate.Version [main] HHH000412: Hibernate Core {5.3.14.Final}
2020-12-04 04:37:47,634 INFO org.hibernate.cfg.Environment [main] HHH000206: hibernate.properties not found
2020-12-04 04:37:47,872 INFO org.hibernate.annotations.common.reflection.java.JavaReflectionManager [main] HCANN000001: Hibernate Commons Annotations {5.0.4.Final}
2020-12-04 04:37:50,130 INFO org.hibernate.dialect.Dialect [main] HHH000400: Using dialect: org.hibernate.dialect.MySQLDialect
2020-12-04 04:37:52,208 WARN org.springframework.boot.autoconfigure.orm.jpa.JpaBaseConfiguration$JpaWebConfiguration [main] spring.jpa.open-in-view is enabled by default. Therefore, database queries may be performed during view rendering. Explicitly configure spring.jpa.open-in-view to disable this warning
2020-12-04 04:37:53,058 INFO org.springframework.scheduling.concurrent.ExecutorConfigurationSupport [main] Initializing ExecutorService 'applicationTaskExecutor'
2020-12-04 04:37:54,291 INFO org.springframework.data.repository.config.DeferredRepositoryInitializationListener [main] Triggering deferred initialization of Spring Data repositories…
2020-12-04 04:37:54,294 INFO org.springframework.data.repository.config.DeferredRepositoryInitializationListener [main] Spring Data repositories initialized!
2020-12-04 04:37:54,317 INFO org.springframework.boot.StartupInfoLogger [main] Started AuthServerApplicationTests in 11.382 seconds (JVM running for 13.343)
2020-12-04 04:37:54,664 INFO org.springframework.scheduling.concurrent.ExecutorConfigurationSupport [SpringContextShutdownHook] Shutting down ExecutorService 'applicationTaskExecutor'
2020-12-04 04:53:28,169 INFO org.springframework.boot.StartupInfoLogger [main] Starting AuthServerApplicationTests on MSI with PID 12704 (started by DCH in G:\工作training\teamProject\auth-server-Team\auth-server)
2020-12-04 04:53:28,175 INFO org.springframework.boot.SpringApplication [main] No active profile set, falling back to default profiles: default
2020-12-04 04:53:29,562 INFO org.springframework.data.repository.config.RepositoryConfigurationDelegate [main] Bootstrapping Spring Data JPA repositories in DEFERRED mode.
2020-12-04 04:53:29,684 INFO org.springframework.data.repository.config.RepositoryConfigurationDelegate [main] Finished Spring Data repository scanning in 81ms. Found 0 JPA repository interfaces.
2020-12-04 04:53:31,223 INFO org.springframework.context.support.PostProcessorRegistrationDelegate$BeanPostProcessorChecker [main] Bean 'org.springframework.transaction.annotation.ProxyTransactionManagementConfiguration' of type [org.springframework.transaction.annotation.ProxyTransactionManagementConfiguration] is not eligible for getting processed by all BeanPostProcessors (for example: not eligible for auto-proxying)
2020-12-04 04:53:32,048 INFO org.hibernate.Version [main] HHH000412: Hibernate Core {5.3.14.Final}
2020-12-04 04:53:32,051 INFO org.hibernate.cfg.Environment [main] HHH000206: hibernate.properties not found
2020-12-04 04:53:32,296 INFO org.hibernate.annotations.common.reflection.java.JavaReflectionManager [main] HCANN000001: Hibernate Commons Annotations {5.0.4.Final}
2020-12-04 04:53:34,535 INFO org.hibernate.dialect.Dialect [main] HHH000400: Using dialect: org.hibernate.dialect.MySQLDialect
2020-12-04 04:53:36,719 WARN org.springframework.boot.autoconfigure.orm.jpa.JpaBaseConfiguration$JpaWebConfiguration [main] spring.jpa.open-in-view is enabled by default. Therefore, database queries may be performed during view rendering. Explicitly configure spring.jpa.open-in-view to disable this warning
2020-12-04 04:53:37,837 INFO org.springframework.scheduling.concurrent.ExecutorConfigurationSupport [main] Initializing ExecutorService 'applicationTaskExecutor'
2020-12-04 04:53:39,551 INFO org.springframework.data.repository.config.DeferredRepositoryInitializationListener [main] Triggering deferred initialization of Spring Data repositories…
2020-12-04 04:53:39,552 INFO org.springframework.data.repository.config.DeferredRepositoryInitializationListener [main] Spring Data repositories initialized!
2020-12-04 04:53:39,579 INFO org.springframework.boot.StartupInfoLogger [main] Started AuthServerApplicationTests in 12.358 seconds (JVM running for 14.975)
2020-12-04 04:54:35,157 INFO org.springframework.scheduling.concurrent.ExecutorConfigurationSupport [SpringContextShutdownHook] Shutting down ExecutorService 'applicationTaskExecutor'
2020-12-04 04:54:47,048 INFO org.springframework.boot.StartupInfoLogger [main] Starting AuthServerApplicationTests on MSI with PID 10108 (started by DCH in G:\工作training\teamProject\auth-server-Team\auth-server)
2020-12-04 04:54:47,063 INFO org.springframework.boot.SpringApplication [main] No active profile set, falling back to default profiles: default
2020-12-04 04:54:49,078 INFO org.springframework.data.repository.config.RepositoryConfigurationDelegate [main] Bootstrapping Spring Data JPA repositories in DEFERRED mode.
2020-12-04 04:54:49,147 INFO org.springframework.data.repository.config.RepositoryConfigurationDelegate [main] Finished Spring Data repository scanning in 45ms. Found 0 JPA repository interfaces.
2020-12-04 04:54:49,904 INFO org.springframework.context.support.PostProcessorRegistrationDelegate$BeanPostProcessorChecker [main] Bean 'org.springframework.transaction.annotation.ProxyTransactionManagementConfiguration' of type [org.springframework.transaction.annotation.ProxyTransactionManagementConfiguration] is not eligible for getting processed by all BeanPostProcessors (for example: not eligible for auto-proxying)
2020-12-04 04:54:50,478 INFO org.hibernate.Version [main] HHH000412: Hibernate Core {5.3.14.Final}
2020-12-04 04:54:50,481 INFO org.hibernate.cfg.Environment [main] HHH000206: hibernate.properties not found
2020-12-04 04:54:50,764 INFO org.hibernate.annotations.common.reflection.java.JavaReflectionManager [main] HCANN000001: Hibernate Commons Annotations {5.0.4.Final}
2020-12-04 04:54:53,068 INFO org.hibernate.dialect.Dialect [main] HHH000400: Using dialect: org.hibernate.dialect.MySQLDialect
2020-12-04 04:54:55,501 WARN org.springframework.boot.autoconfigure.orm.jpa.JpaBaseConfiguration$JpaWebConfiguration [main] spring.jpa.open-in-view is enabled by default. Therefore, database queries may be performed during view rendering. Explicitly configure spring.jpa.open-in-view to disable this warning
2020-12-04 04:54:56,118 INFO org.springframework.scheduling.concurrent.ExecutorConfigurationSupport [main] Initializing ExecutorService 'applicationTaskExecutor'
2020-12-04 04:54:57,276 INFO org.springframework.data.repository.config.DeferredRepositoryInitializationListener [main] Triggering deferred initialization of Spring Data repositories…
2020-12-04 04:54:57,278 INFO org.springframework.data.repository.config.DeferredRepositoryInitializationListener [main] Spring Data repositories initialized!
2020-12-04 04:54:57,295 INFO org.springframework.boot.StartupInfoLogger [main] Started AuthServerApplicationTests in 10.944 seconds (JVM running for 13.411)
2020-12-04 04:55:27,365 INFO org.springframework.scheduling.concurrent.ExecutorConfigurationSupport [SpringContextShutdownHook] Shutting down ExecutorService 'applicationTaskExecutor'
2020-12-04 05:20:39,786 INFO org.springframework.boot.StartupInfoLogger [main] Starting AuthServerApplicationTests on MSI with PID 9708 (started by DCH in G:\工作training\teamProject\auth-server-Team\auth-server)
2020-12-04 05:20:39,823 INFO org.springframework.boot.SpringApplication [main] No active profile set, falling back to default profiles: default
2020-12-04 05:20:41,198 INFO org.springframework.data.repository.config.RepositoryConfigurationDelegate [main] Bootstrapping Spring Data JPA repositories in DEFERRED mode.
2020-12-04 05:20:41,263 INFO org.springframework.data.repository.config.RepositoryConfigurationDelegate [main] Finished Spring Data repository scanning in 44ms. Found 0 JPA repository interfaces.
2020-12-04 05:20:41,707 INFO org.springframework.context.support.PostProcessorRegistrationDelegate$BeanPostProcessorChecker [main] Bean 'org.springframework.transaction.annotation.ProxyTransactionManagementConfiguration' of type [org.springframework.transaction.annotation.ProxyTransactionManagementConfiguration] is not eligible for getting processed by all BeanPostProcessors (for example: not eligible for auto-proxying)
2020-12-04 05:20:42,213 INFO org.hibernate.Version [main] HHH000412: Hibernate Core {5.3.14.Final}
2020-12-04 05:20:42,216 INFO org.hibernate.cfg.Environment [main] HHH000206: hibernate.properties not found
2020-12-04 05:20:42,520 INFO org.hibernate.annotations.common.reflection.java.JavaReflectionManager [main] HCANN000001: Hibernate Commons Annotations {5.0.4.Final}
2020-12-04 05:20:44,641 INFO org.hibernate.dialect.Dialect [main] HHH000400: Using dialect: org.hibernate.dialect.MySQLDialect
2020-12-04 05:20:46,211 WARN org.springframework.boot.autoconfigure.orm.jpa.JpaBaseConfiguration$JpaWebConfiguration [main] spring.jpa.open-in-view is enabled by default. Therefore, database queries may be performed during view rendering. Explicitly configure spring.jpa.open-in-view to disable this warning
2020-12-04 05:20:46,836 INFO org.springframework.scheduling.concurrent.ExecutorConfigurationSupport [main] Initializing ExecutorService 'applicationTaskExecutor'
2020-12-04 05:20:47,922 INFO org.springframework.data.repository.config.DeferredRepositoryInitializationListener [main] Triggering deferred initialization of Spring Data repositories…
2020-12-04 05:20:47,924 INFO org.springframework.data.repository.config.DeferredRepositoryInitializationListener [main] Spring Data repositories initialized!
2020-12-04 05:20:47,957 INFO org.springframework.boot.StartupInfoLogger [main] Started AuthServerApplicationTests in 9.04 seconds (JVM running for 11.466)
2020-12-04 05:20:48,209 INFO org.springframework.scheduling.concurrent.ExecutorConfigurationSupport [SpringContextShutdownHook] Shutting down ExecutorService 'applicationTaskExecutor'
