2020-12-15 17:05:26,451 INFO org.springframework.boot.StartupInfoLogger [main] Starting AuthServerApplication on MSI with PID 1368 (G:\工作training\teamProject2\auth-server\target\classes started by DCH in G:\工作training\teamProject2\auth-server)
2020-12-15 17:05:26,553 INFO org.springframework.boot.SpringApplication [main] No active profile set, falling back to default profiles: default
2020-12-15 17:05:27,384 INFO org.springframework.data.repository.config.RepositoryConfigurationDelegate [main] Bootstrapping Spring Data JPA repositories in DEFERRED mode.
2020-12-15 17:05:27,414 INFO org.springframework.data.repository.config.RepositoryConfigurationDelegate [main] Finished Spring Data repository scanning in 20ms. Found 0 JPA repository interfaces.
2020-12-15 17:05:27,634 INFO org.springframework.context.support.PostProcessorRegistrationDelegate$BeanPostProcessorChecker [main] Bean 'org.springframework.transaction.annotation.ProxyTransactionManagementConfiguration' of type [org.springframework.transaction.annotation.ProxyTransactionManagementConfiguration] is not eligible for getting processed by all BeanPostProcessors (for example: not eligible for auto-proxying)
2020-12-15 17:05:27,908 INFO org.springframework.boot.web.embedded.tomcat.TomcatWebServer [main] Tomcat initialized with port(s): 9999 (http)
2020-12-15 17:05:27,918 INFO org.apache.juli.logging.DirectJDKLog [main] Initializing ProtocolHandler ["http-nio-9999"]
2020-12-15 17:05:27,918 INFO org.apache.juli.logging.DirectJDKLog [main] Starting service [Tomcat]
2020-12-15 17:05:27,919 INFO org.apache.juli.logging.DirectJDKLog [main] Starting Servlet engine: [Apache Tomcat/9.0.39]
2020-12-15 17:05:28,227 INFO org.apache.juli.logging.DirectJDKLog [main] At least one JAR was scanned for TLDs yet contained no TLDs. Enable debug logging for this logger for a complete list of JARs that were scanned but no TLDs were found in them. Skipping unneeded JARs during scanning can improve startup time and JSP compilation time.
2020-12-15 17:05:28,233 INFO org.apache.juli.logging.DirectJDKLog [main] Initializing Spring embedded WebApplicationContext
2020-12-15 17:05:28,233 INFO org.springframework.boot.web.servlet.context.ServletWebServerApplicationContext [main] Root WebApplicationContext: initialization completed in 1624 ms
2020-12-15 17:05:28,453 INFO org.hibernate.Version [main] HHH000412: Hibernate Core {5.3.14.Final}
2020-12-15 17:05:28,455 INFO org.hibernate.cfg.Environment [main] HHH000206: hibernate.properties not found
2020-12-15 17:05:28,602 INFO org.hibernate.annotations.common.reflection.java.JavaReflectionManager [main] HCANN000001: Hibernate Commons Annotations {5.0.4.Final}
2020-12-15 17:05:29,926 INFO org.hibernate.dialect.Dialect [main] HHH000400: Using dialect: org.hibernate.dialect.MySQLDialect
2020-12-15 17:05:30,528 WARN org.springframework.boot.autoconfigure.orm.jpa.JpaBaseConfiguration$JpaWebConfiguration [main] spring.jpa.open-in-view is enabled by default. Therefore, database queries may be performed during view rendering. Explicitly configure spring.jpa.open-in-view to disable this warning
2020-12-15 17:05:30,637 INFO org.springframework.scheduling.concurrent.ExecutorConfigurationSupport [main] Initializing ExecutorService 'applicationTaskExecutor'
2020-12-15 17:05:30,871 INFO org.apache.juli.logging.DirectJDKLog [main] Starting ProtocolHandler ["http-nio-9999"]
2020-12-15 17:05:30,905 INFO org.springframework.boot.web.embedded.tomcat.TomcatWebServer [main] Tomcat started on port(s): 9999 (http) with context path ''
2020-12-15 17:05:30,911 INFO org.springframework.data.repository.config.DeferredRepositoryInitializationListener [main] Triggering deferred initialization of Spring Data repositories…
2020-12-15 17:05:30,913 INFO org.springframework.data.repository.config.DeferredRepositoryInitializationListener [main] Spring Data repositories initialized!
2020-12-15 17:05:30,924 INFO org.springframework.boot.StartupInfoLogger [main] Started AuthServerApplication in 5.126 seconds (JVM running for 6.708)
2020-12-15 17:11:03,716 INFO org.apache.juli.logging.DirectJDKLog [http-nio-9999-exec-1] Initializing Spring DispatcherServlet 'dispatcherServlet'
2020-12-15 17:11:03,717 INFO org.springframework.web.servlet.FrameworkServlet [http-nio-9999-exec-1] Initializing Servlet 'dispatcherServlet'
2020-12-15 17:11:03,732 INFO org.springframework.web.servlet.FrameworkServlet [http-nio-9999-exec-1] Completed initialization in 15 ms
2020-12-15 21:58:36,731 INFO org.hibernate.hql.internal.QueryTranslatorFactoryInitiator [http-nio-9999-exec-5] HHH000397: Using ASTQueryTranslatorFactory
2020-12-15 22:14:39,646 INFO org.springframework.boot.StartupInfoLogger [main] Starting AuthServerApplication on MSI with PID 15812 (G:\工作training\teamProject2\auth-server\target\classes started by DCH in G:\工作training\teamProject2\auth-server)
2020-12-15 22:14:39,655 INFO org.springframework.boot.SpringApplication [main] No active profile set, falling back to default profiles: default
2020-12-15 22:14:42,345 INFO org.springframework.data.repository.config.RepositoryConfigurationDelegate [main] Bootstrapping Spring Data JPA repositories in DEFERRED mode.
2020-12-15 22:14:42,391 INFO org.springframework.data.repository.config.RepositoryConfigurationDelegate [main] Finished Spring Data repository scanning in 32ms. Found 0 JPA repository interfaces.
2020-12-15 22:14:42,986 INFO org.springframework.context.support.PostProcessorRegistrationDelegate$BeanPostProcessorChecker [main] Bean 'org.springframework.transaction.annotation.ProxyTransactionManagementConfiguration' of type [org.springframework.transaction.annotation.ProxyTransactionManagementConfiguration] is not eligible for getting processed by all BeanPostProcessors (for example: not eligible for auto-proxying)
2020-12-15 22:14:43,865 INFO org.springframework.boot.web.embedded.tomcat.TomcatWebServer [main] Tomcat initialized with port(s): 9999 (http)
2020-12-15 22:14:43,879 INFO org.apache.juli.logging.DirectJDKLog [main] Initializing ProtocolHandler ["http-nio-9999"]
2020-12-15 22:14:43,881 INFO org.apache.juli.logging.DirectJDKLog [main] Starting service [Tomcat]
2020-12-15 22:14:43,881 INFO org.apache.juli.logging.DirectJDKLog [main] Starting Servlet engine: [Apache Tomcat/9.0.39]
2020-12-15 22:14:44,346 INFO org.apache.juli.logging.DirectJDKLog [main] At least one JAR was scanned for TLDs yet contained no TLDs. Enable debug logging for this logger for a complete list of JARs that were scanned but no TLDs were found in them. Skipping unneeded JARs during scanning can improve startup time and JSP compilation time.
2020-12-15 22:14:44,357 INFO org.apache.juli.logging.DirectJDKLog [main] Initializing Spring embedded WebApplicationContext
2020-12-15 22:14:44,358 INFO org.springframework.boot.web.servlet.context.ServletWebServerApplicationContext [main] Root WebApplicationContext: initialization completed in 4531 ms
2020-12-15 22:14:44,749 INFO org.hibernate.Version [main] HHH000412: Hibernate Core {5.3.14.Final}
2020-12-15 22:14:44,752 INFO org.hibernate.cfg.Environment [main] HHH000206: hibernate.properties not found
2020-12-15 22:14:44,983 INFO org.hibernate.annotations.common.reflection.java.JavaReflectionManager [main] HCANN000001: Hibernate Commons Annotations {5.0.4.Final}
2020-12-15 22:14:47,096 INFO org.hibernate.dialect.Dialect [main] HHH000400: Using dialect: org.hibernate.dialect.MySQLDialect
2020-12-15 22:14:48,155 WARN org.springframework.boot.autoconfigure.orm.jpa.JpaBaseConfiguration$JpaWebConfiguration [main] spring.jpa.open-in-view is enabled by default. Therefore, database queries may be performed during view rendering. Explicitly configure spring.jpa.open-in-view to disable this warning
2020-12-15 22:14:48,353 INFO org.springframework.scheduling.concurrent.ExecutorConfigurationSupport [main] Initializing ExecutorService 'applicationTaskExecutor'
2020-12-15 22:14:48,705 INFO org.apache.juli.logging.DirectJDKLog [main] Starting ProtocolHandler ["http-nio-9999"]
2020-12-15 22:14:48,741 INFO org.springframework.boot.web.embedded.tomcat.TomcatWebServer [main] Tomcat started on port(s): 9999 (http) with context path ''
2020-12-15 22:14:48,744 INFO org.springframework.data.repository.config.DeferredRepositoryInitializationListener [main] Triggering deferred initialization of Spring Data repositories…
2020-12-15 22:14:48,746 INFO org.springframework.data.repository.config.DeferredRepositoryInitializationListener [main] Spring Data repositories initialized!
2020-12-15 22:14:48,757 INFO org.springframework.boot.StartupInfoLogger [main] Started AuthServerApplication in 10.364 seconds (JVM running for 12.534)
2020-12-15 22:15:35,219 INFO org.apache.juli.logging.DirectJDKLog [http-nio-9999-exec-2] Initializing Spring DispatcherServlet 'dispatcherServlet'
2020-12-15 22:15:35,219 INFO org.springframework.web.servlet.FrameworkServlet [http-nio-9999-exec-2] Initializing Servlet 'dispatcherServlet'
2020-12-15 22:15:35,229 INFO org.springframework.web.servlet.FrameworkServlet [http-nio-9999-exec-2] Completed initialization in 10 ms
2020-12-15 22:15:54,409 INFO org.hibernate.hql.internal.QueryTranslatorFactoryInitiator [http-nio-9999-exec-3] HHH000397: Using ASTQueryTranslatorFactory
2020-12-15 22:36:37,518 INFO org.springframework.boot.StartupInfoLogger [main] Starting AuthServerApplication on MSI with PID 7460 (G:\工作training\teamProject2\auth-server\target\classes started by DCH in G:\工作training\teamProject2\auth-server)
2020-12-15 22:36:37,522 INFO org.springframework.boot.SpringApplication [main] No active profile set, falling back to default profiles: default
2020-12-15 22:36:39,009 INFO org.springframework.data.repository.config.RepositoryConfigurationDelegate [main] Bootstrapping Spring Data JPA repositories in DEFERRED mode.
2020-12-15 22:36:39,064 INFO org.springframework.data.repository.config.RepositoryConfigurationDelegate [main] Finished Spring Data repository scanning in 24ms. Found 0 JPA repository interfaces.
2020-12-15 22:36:39,430 INFO org.springframework.context.support.PostProcessorRegistrationDelegate$BeanPostProcessorChecker [main] Bean 'org.springframework.transaction.annotation.ProxyTransactionManagementConfiguration' of type [org.springframework.transaction.annotation.ProxyTransactionManagementConfiguration] is not eligible for getting processed by all BeanPostProcessors (for example: not eligible for auto-proxying)
2020-12-15 22:36:39,774 INFO org.springframework.boot.web.embedded.tomcat.TomcatWebServer [main] Tomcat initialized with port(s): 9999 (http)
2020-12-15 22:36:39,783 INFO org.apache.juli.logging.DirectJDKLog [main] Initializing ProtocolHandler ["http-nio-9999"]
2020-12-15 22:36:39,784 INFO org.apache.juli.logging.DirectJDKLog [main] Starting service [Tomcat]
2020-12-15 22:36:39,784 INFO org.apache.juli.logging.DirectJDKLog [main] Starting Servlet engine: [Apache Tomcat/9.0.39]
2020-12-15 22:36:40,091 INFO org.apache.juli.logging.DirectJDKLog [main] At least one JAR was scanned for TLDs yet contained no TLDs. Enable debug logging for this logger for a complete list of JARs that were scanned but no TLDs were found in them. Skipping unneeded JARs during scanning can improve startup time and JSP compilation time.
2020-12-15 22:36:40,097 INFO org.apache.juli.logging.DirectJDKLog [main] Initializing Spring embedded WebApplicationContext
2020-12-15 22:36:40,097 INFO org.springframework.boot.web.servlet.context.ServletWebServerApplicationContext [main] Root WebApplicationContext: initialization completed in 2513 ms
2020-12-15 22:36:40,373 INFO org.hibernate.Version [main] HHH000412: Hibernate Core {5.3.14.Final}
2020-12-15 22:36:40,375 INFO org.hibernate.cfg.Environment [main] HHH000206: hibernate.properties not found
2020-12-15 22:36:40,551 INFO org.hibernate.annotations.common.reflection.java.JavaReflectionManager [main] HCANN000001: Hibernate Commons Annotations {5.0.4.Final}
2020-12-15 22:36:41,660 INFO org.hibernate.dialect.Dialect [main] HHH000400: Using dialect: org.hibernate.dialect.MySQLDialect
2020-12-15 22:36:42,367 WARN org.springframework.boot.autoconfigure.orm.jpa.JpaBaseConfiguration$JpaWebConfiguration [main] spring.jpa.open-in-view is enabled by default. Therefore, database queries may be performed during view rendering. Explicitly configure spring.jpa.open-in-view to disable this warning
2020-12-15 22:36:42,482 INFO org.springframework.scheduling.concurrent.ExecutorConfigurationSupport [main] Initializing ExecutorService 'applicationTaskExecutor'
2020-12-15 22:36:42,725 INFO org.apache.juli.logging.DirectJDKLog [main] Starting ProtocolHandler ["http-nio-9999"]
2020-12-15 22:36:42,754 INFO org.springframework.boot.web.embedded.tomcat.TomcatWebServer [main] Tomcat started on port(s): 9999 (http) with context path ''
2020-12-15 22:36:42,756 INFO org.springframework.data.repository.config.DeferredRepositoryInitializationListener [main] Triggering deferred initialization of Spring Data repositories…
2020-12-15 22:36:42,757 INFO org.springframework.data.repository.config.DeferredRepositoryInitializationListener [main] Spring Data repositories initialized!
2020-12-15 22:36:42,766 INFO org.springframework.boot.StartupInfoLogger [main] Started AuthServerApplication in 5.958 seconds (JVM running for 7.273)
2020-12-15 22:38:30,119 INFO org.springframework.boot.StartupInfoLogger [main] Starting AuthServerApplication on MSI with PID 10900 (G:\工作training\teamProject2\auth-server\target\classes started by DCH in G:\工作training\teamProject2\auth-server)
2020-12-15 22:38:30,123 INFO org.springframework.boot.SpringApplication [main] No active profile set, falling back to default profiles: default
2020-12-15 22:38:31,437 INFO org.springframework.data.repository.config.RepositoryConfigurationDelegate [main] Bootstrapping Spring Data JPA repositories in DEFERRED mode.
2020-12-15 22:38:31,467 INFO org.springframework.data.repository.config.RepositoryConfigurationDelegate [main] Finished Spring Data repository scanning in 19ms. Found 0 JPA repository interfaces.
2020-12-15 22:38:31,673 INFO org.springframework.context.support.PostProcessorRegistrationDelegate$BeanPostProcessorChecker [main] Bean 'org.springframework.transaction.annotation.ProxyTransactionManagementConfiguration' of type [org.springframework.transaction.annotation.ProxyTransactionManagementConfiguration] is not eligible for getting processed by all BeanPostProcessors (for example: not eligible for auto-proxying)
2020-12-15 22:38:31,907 INFO org.springframework.boot.web.embedded.tomcat.TomcatWebServer [main] Tomcat initialized with port(s): 9999 (http)
2020-12-15 22:38:31,917 INFO org.apache.juli.logging.DirectJDKLog [main] Initializing ProtocolHandler ["http-nio-9999"]
2020-12-15 22:38:31,918 INFO org.apache.juli.logging.DirectJDKLog [main] Starting service [Tomcat]
2020-12-15 22:38:31,918 INFO org.apache.juli.logging.DirectJDKLog [main] Starting Servlet engine: [Apache Tomcat/9.0.39]
2020-12-15 22:38:32,195 INFO org.apache.juli.logging.DirectJDKLog [main] At least one JAR was scanned for TLDs yet contained no TLDs. Enable debug logging for this logger for a complete list of JARs that were scanned but no TLDs were found in them. Skipping unneeded JARs during scanning can improve startup time and JSP compilation time.
2020-12-15 22:38:32,201 INFO org.apache.juli.logging.DirectJDKLog [main] Initializing Spring embedded WebApplicationContext
2020-12-15 22:38:32,201 INFO org.springframework.boot.web.servlet.context.ServletWebServerApplicationContext [main] Root WebApplicationContext: initialization completed in 2015 ms
2020-12-15 22:38:32,414 INFO org.hibernate.Version [main] HHH000412: Hibernate Core {5.3.14.Final}
2020-12-15 22:38:32,416 INFO org.hibernate.cfg.Environment [main] HHH000206: hibernate.properties not found
2020-12-15 22:38:32,527 INFO org.hibernate.annotations.common.reflection.java.JavaReflectionManager [main] HCANN000001: Hibernate Commons Annotations {5.0.4.Final}
2020-12-15 22:38:33,461 INFO org.hibernate.dialect.Dialect [main] HHH000400: Using dialect: org.hibernate.dialect.MySQLDialect
2020-12-15 22:38:34,094 WARN org.springframework.boot.autoconfigure.orm.jpa.JpaBaseConfiguration$JpaWebConfiguration [main] spring.jpa.open-in-view is enabled by default. Therefore, database queries may be performed during view rendering. Explicitly configure spring.jpa.open-in-view to disable this warning
2020-12-15 22:38:34,206 INFO org.springframework.scheduling.concurrent.ExecutorConfigurationSupport [main] Initializing ExecutorService 'applicationTaskExecutor'
2020-12-15 22:38:34,447 INFO org.apache.juli.logging.DirectJDKLog [main] Starting ProtocolHandler ["http-nio-9999"]
2020-12-15 22:38:34,474 INFO org.springframework.boot.web.embedded.tomcat.TomcatWebServer [main] Tomcat started on port(s): 9999 (http) with context path ''
2020-12-15 22:38:34,477 INFO org.springframework.data.repository.config.DeferredRepositoryInitializationListener [main] Triggering deferred initialization of Spring Data repositories…
2020-12-15 22:38:34,477 INFO org.springframework.data.repository.config.DeferredRepositoryInitializationListener [main] Spring Data repositories initialized!
2020-12-15 22:38:34,486 INFO org.springframework.boot.StartupInfoLogger [main] Started AuthServerApplication in 5.019 seconds (JVM running for 6.295)
2020-12-15 22:40:10,023 INFO org.apache.juli.logging.DirectJDKLog [http-nio-9999-exec-2] Initializing Spring DispatcherServlet 'dispatcherServlet'
2020-12-15 22:40:10,023 INFO org.springframework.web.servlet.FrameworkServlet [http-nio-9999-exec-2] Initializing Servlet 'dispatcherServlet'
2020-12-15 22:40:10,037 INFO org.springframework.web.servlet.FrameworkServlet [http-nio-9999-exec-2] Completed initialization in 14 ms
2020-12-15 22:40:46,643 INFO org.hibernate.hql.internal.QueryTranslatorFactoryInitiator [http-nio-9999-exec-5] HHH000397: Using ASTQueryTranslatorFactory
